Importer Log Report
Project : pizerousbhub.PrjPcb

Section : Analyze Document - D:\Github\Rpi-Zero-USB-Hub\pizerousbhub.brd
    Analyzing data of D:\Github\Rpi-Zero-USB-Hub\pizerousbhub.brd
    Load settings
    Load layers 171
    Load Library "rcl"
    Load Packages 4
    Load Library "v-reg"
    Load Packages 1
    Load Library "SparkFun-Connectors"
    Load Packages 1
    Load Library "usb-conc"
    Load Packages 1
    Load Library "new_mcp"
    Load Packages 1
    Load Library "wirepad"
    Load Packages 1
    ERROR: Unhandled typeerrors
EndSection

Section : Analyze Document - D:\Github\Rpi-Zero-USB-Hub\pizerousbhub.sch
    Analyzing data of D:\Github\Rpi-Zero-USB-Hub\pizerousbhub.sch
    Load settings
    Load layers 171
    Load schematic
    Load Libraries 7
    Load Library "rcl"
    Load Packages 315
    Load Symbols 3
    Load DeviceSets 3
    Load Library "v-reg"
    Load Packages 4
    Load Symbols 1
    Load DeviceSets 1
    Load Library "SparkFun-Connectors"
    Load Packages 18
    Load Symbols 1
    Load DeviceSets 1
    Load Library "usb-conc"
    Load Packages 1
    Load Symbols 1
    Load DeviceSets 1
    Load Library "supply1"
    Load Packages 0
    Load Symbols 2
    Load DeviceSets 2
    Load Library "new_mcp"
    Load Packages 22
    Load Symbols 1
    Load DeviceSets 1
    Load Library "wirepad"
    Load Packages 1
    Load Symbols 1
    Load DeviceSets 1
    Load Attributes 0
    Load Classes 2
    Load Parts 39
    Load Sheets 1
    ERROR: Unhandled typeerrors
EndSection
